<?xml version="1.0" encoding="UTF-8"?>
<!-- Generated by org.testng.reporters.JUnitReportReporter -->
<testsuite skipped="0" hostname="MSBCPC641" name="com.crm.qa.testcases.LoginPageTest" tests="5" failures="0" timestamp="07 Mar 2022 08:33:05 GMT" time="21.421" errors="0">
  <testcase name="setUp" time="11.238" classname="com.crm.qa.testcases.LoginPageTest"/>
  <testcase name="loginPageTitleTest" time="0.028" classname="com.crm.qa.testcases.LoginPageTest"/>
  <testcase name="crmLogoImageTest" time="0.110" classname="com.crm.qa.testcases.LoginPageTest"/>
  <testcase name="loginTest" time="9.322" classname="com.crm.qa.testcases.LoginPageTest"/>
  <testcase name="tearDown" time="0.723" classname="com.crm.qa.testcases.LoginPageTest"/>
</testsuite> <!-- com.crm.qa.testcases.LoginPageTest -->
