<?xml version="1.0" encoding="UTF-8"?>
<!-- Generated by org.testng.reporters.JUnitReportReporter -->
<testsuite skipped="0" hostname="MSBCPC641" name="com.crm.qa.testcases.LoginPageTest" tests="3" failures="0" timestamp="05 Mar 2022 15:17:43 GMT" time="49.681" errors="0">
  <testcase name="loginPageTitleTest" time="15.421" classname="com.crm.qa.testcases.LoginPageTest"/>
  <testcase name="crmLogoImageTest" time="13.045" classname="com.crm.qa.testcases.LoginPageTest"/>
  <testcase name="loginTest" time="21.215" classname="com.crm.qa.testcases.LoginPageTest"/>
</testsuite> <!-- com.crm.qa.testcases.LoginPageTest -->
